<?xml version="1.0" encoding="UTF-8"?>
<!-- Generated by org.testng.reporters.JUnitReportReporter -->
<testsuite hostname="LAPTOP-TPUJHBBQ" failures="0" tests="2" name="TestItemandInventory.ItemsTest" time="11.379" errors="0" timestamp="2021-04-02T17:16:28 IST" skipped="0">
  <testcase classname="TestItemandInventory.ItemsTest" name="login" time="2.527"/>
  <system-out/>
  <testcase classname="TestItemandInventory.ItemsTest" name="AddItem" time="8.852"/>
  <system-out/>
</testsuite> <!-- TestItemandInventory.ItemsTest -->
