<?xml version="1.0" encoding="UTF-8"?>
<!-- Generated by org.testng.reporters.JUnitReportReporter -->
<testsuite hostname="LAPTOP-TPUJHBBQ" failures="0" tests="2" name="TestItemandInventory.AutoITTest" time="18.272" errors="0" timestamp="2021-04-03T23:54:32 IST" skipped="0">
  <testcase classname="TestItemandInventory.AutoITTest" name="login" time="2.611"/>
  <system-out/>
  <testcase classname="TestItemandInventory.AutoITTest" name="AddItem" time="15.661"/>
  <system-out/>
</testsuite> <!-- TestItemandInventory.AutoITTest -->
