<?xml version="1.0" encoding="UTF-8"?>
<!-- Generated by org.testng.reporters.JUnitReportReporter -->
<testsuite hostname="LAPTOP-TPUJHBBQ" failures="0" tests="2" name="TestItemandInventory.AutoITTest" time="19.752" errors="0" timestamp="2021-04-05T13:34:43 IST" skipped="0">
  <testcase classname="TestItemandInventory.AutoITTest" name="login" time="3.898"/>
  <system-out/>
  <testcase classname="TestItemandInventory.AutoITTest" name="AddItem" time="15.854"/>
  <system-out/>
</testsuite> <!-- TestItemandInventory.AutoITTest -->
