<?xml version="1.0" encoding="UTF-8"?>
<!-- Generated by org.testng.reporters.JUnitReportReporter -->
<testsuite hostname="LAPTOP-TPUJHBBQ" failures="0" tests="4" name="BankingandLedger.GLAccountTest" time="55.324" errors="0" timestamp="2021-05-28T18:47:23 IST" skipped="0">
  <testcase classname="BankingandLedger.GLAccountTest" name="Login" time="1.703"/>
  <system-out/>
  <testcase classname="BankingandLedger.GLAccountTest" name="AddGLAccount" time="17.788"/>
  <system-out/>
  <testcase classname="BankingandLedger.GLAccountTest" name="AddGLAccount" time="17.761"/>
  <system-out/>
  <testcase classname="BankingandLedger.GLAccountTest" name="AddGLAccount" time="18.072"/>
  <system-out/>
</testsuite> <!-- BankingandLedger.GLAccountTest -->
