<?xml version="1.0" encoding="UTF-8"?>
<!-- Generated by org.testng.reporters.JUnitReportReporter -->
<testsuite hostname="LAPTOP-TPUJHBBQ" failures="0" tests="2" name="TestItemandInventory.UnitofmeasureTest" time="11.166" errors="0" timestamp="2021-04-03T13:51:43 IST" skipped="0">
  <testcase classname="TestItemandInventory.UnitofmeasureTest" name="login" time="4.868"/>
  <system-out/>
  <testcase classname="TestItemandInventory.UnitofmeasureTest" name="AddUnitofMeasure" time="6.298"/>
  <system-out/>
</testsuite> <!-- TestItemandInventory.UnitofmeasureTest -->
