<?xml version="1.0" encoding="UTF-8"?>
<!-- Generated by org.testng.reporters.JUnitReportReporter -->
<testsuite hostname="LAPTOP-TPUJHBBQ" failures="0" tests="2" name="TestItemandInventory.TestInventorylocations" time="14.118" errors="0" timestamp="2021-04-01T17:26:25 IST" skipped="0">
  <testcase classname="TestItemandInventory.TestInventorylocations" name="Login" time="11.056"/>
  <system-out/>
  <testcase classname="TestItemandInventory.TestInventorylocations" name="AddInventoryLocation" time="3.062"/>
  <system-out/>
</testsuite> <!-- TestItemandInventory.TestInventorylocations -->
