<?xml version="1.0" encoding="UTF-8"?>
<!-- Generated by org.testng.reporters.JUnitReportReporter -->
<testsuite hostname="LAPTOP-TPUJHBBQ" failures="0" tests="4" name="TestItemandInventory.TestInventory" time="18.990" errors="0" timestamp="2021-04-01T17:26:25 IST" skipped="1">
  <testcase classname="TestItemandInventory.TestInventory" name="TestLogin" time="12.261"/>
  <system-out/>
  <testcase classname="TestItemandInventory.TestInventory" name="TestAddInventoryLocation" time="3.703"/>
  <system-out/>
  <testcase classname="TestItemandInventory.TestInventory" name="TestAddUnitofMeasure" time="3.026"/>
  <system-out/>
  <testcase classname="TestItemandInventory.TestInventory" name="TestAddItem">
    <skipped/>
  </testcase> <!-- TestAddItem -->
  <system-out/>
</testsuite> <!-- TestItemandInventory.TestInventory -->
