<?xml version="1.0" encoding="UTF-8"?>
<!-- Generated by org.testng.reporters.JUnitReportReporter -->
<testsuite hostname="LAPTOP-TPUJHBBQ" failures="0" tests="2" name="TestNGP.TestClasstwo" time="34.244" errors="0" timestamp="2021-03-28T13:22:40 IST" skipped="0">
  <testcase classname="TestNGP.TestClasstwo" name="Login" time="15.890"/>
  <system-out/>
  <testcase classname="TestNGP.TestClasstwo" name="AddSalesgroup" time="18.354"/>
  <system-out/>
</testsuite> <!-- TestNGP.TestClasstwo -->
