<?xml version="1.0" encoding="UTF-8"?>
<!-- Generated by org.testng.reporters.JUnitReportReporter -->
<testsuite hostname="LAPTOP-TPUJHBBQ" failures="0" tests="2" name="TestItemandInventory.TestUnitofmeasure" time="8.894" errors="0" timestamp="2021-04-01T17:26:25 IST" skipped="0">
  <testcase classname="TestItemandInventory.TestUnitofmeasure" name="login" time="4.391"/>
  <system-out/>
  <testcase classname="TestItemandInventory.TestUnitofmeasure" name="AddUnitofMeasure" time="4.503"/>
  <system-out/>
</testsuite> <!-- TestItemandInventory.TestUnitofmeasure -->
