<?xml version="1.0" encoding="UTF-8"?>
<!-- Generated by org.testng.reporters.JUnitReportReporter -->
<testsuite hostname="LAPTOP-TPUJHBBQ" failures="0" tests="3" name="TestNGP.TestClassone" time="8.976" errors="0" timestamp="2021-03-28T12:28:10 IST" skipped="0">
  <testcase classname="TestNGP.TestClassone" name="Launchbrowser" time="6.247"/>
  <system-out/>
  <testcase classname="TestNGP.TestClassone" name="Login" time="2.468"/>
  <system-out/>
  <testcase classname="TestNGP.TestClassone" name="Logout" time="0.261"/>
  <system-out/>
</testsuite> <!-- TestNGP.TestClassone -->
