<?xml version="1.0" encoding="UTF-8"?>
<!-- Generated by org.testng.reporters.JUnitReportReporter -->
<testsuite hostname="LAPTOP-TPUJHBBQ" failures="0" tests="2" name="Testsales.Testsalesperson" time="6.244" errors="0" timestamp="2021-04-02T17:16:28 IST" skipped="0">
  <testcase classname="Testsales.Testsalesperson" name="Login" time="2.360"/>
  <system-out/>
  <testcase classname="Testsales.Testsalesperson" name="AddSalesperson" time="3.884"/>
  <system-out/>
</testsuite> <!-- Testsales.Testsalesperson -->
