<?xml version="1.0" encoding="UTF-8"?>
<!-- Generated by org.testng.reporters.JUnitReportReporter -->
<testsuite hostname="LAPTOP-TPUJHBBQ" failures="0" tests="3" name="TestLogin.TestCredentials" time="19.515" errors="0" timestamp="2021-04-01T14:34:44 IST" skipped="0">
  <testcase classname="TestLogin.TestCredentials" name="TestvalidateLogin" time="9.048"/>
  <system-out/>
  <testcase classname="TestLogin.TestCredentials" name="TestvalidateLogin" time="4.500"/>
  <system-out/>
  <testcase classname="TestLogin.TestCredentials" name="TestvalidateLogin" time="5.967"/>
  <system-out/>
</testsuite> <!-- TestLogin.TestCredentials -->
