<?xml version="1.0" encoding="UTF-8"?>
<!-- Generated by org.testng.reporters.JUnitReportReporter -->
<testsuite hostname="LAPTOP-TPUJHBBQ" failures="0" tests="3" name="Testsales.TestLogin" time="5.462" errors="0" timestamp="2021-04-02T17:16:28 IST" skipped="0">
  <testcase classname="Testsales.TestLogin" name="Launchbrowser" time="3.084"/>
  <system-out/>
  <testcase classname="Testsales.TestLogin" name="Login" time="2.170"/>
  <system-out/>
  <testcase classname="Testsales.TestLogin" name="Logout" time="0.208"/>
  <system-out/>
</testsuite> <!-- Testsales.TestLogin -->
