<?xml version="1.0" encoding="UTF-8"?>
<!-- Generated by org.testng.reporters.JUnitReportReporter -->
<testsuite hostname="LAPTOP-TPUJHBBQ" failures="0" tests="2" name="TestItemandInventory.TestItems" time="15.429" errors="0" timestamp="2021-04-01T17:26:25 IST" skipped="0">
  <testcase classname="TestItemandInventory.TestItems" name="login" time="5.492"/>
  <system-out/>
  <testcase classname="TestItemandInventory.TestItems" name="AddItem" time="9.937"/>
  <system-out/>
</testsuite> <!-- TestItemandInventory.TestItems -->
