<?xml version="1.0" encoding="UTF-8"?>
<!-- Generated by org.testng.reporters.JUnitReportReporter -->
<testsuite hostname="LAPTOP-TPUJHBBQ" failures="0" tests="2" name="TestItemandInventory.InventorylocationsTest" time="7.914" errors="0" timestamp="2021-04-02T17:16:28 IST" skipped="0">
  <testcase classname="TestItemandInventory.InventorylocationsTest" name="Login" time="5.478"/>
  <system-out/>
  <testcase classname="TestItemandInventory.InventorylocationsTest" name="AddInventoryLocation" time="2.436"/>
  <system-out/>
</testsuite> <!-- TestItemandInventory.InventorylocationsTest -->
