<?xml version="1.0" encoding="UTF-8"?>
<!-- Generated by org.testng.reporters.JUnitReportReporter -->
<testsuite hostname="LAPTOP-TPUJHBBQ" failures="0" tests="3" name="TestLogin.CredentialsTest" time="13.027" errors="0" timestamp="2021-04-02T17:16:28 IST" skipped="0">
  <testcase classname="TestLogin.CredentialsTest" name="TestvalidateLogin" time="4.887"/>
  <system-out/>
  <testcase classname="TestLogin.CredentialsTest" name="TestvalidateLogin" time="3.931"/>
  <system-out/>
  <testcase classname="TestLogin.CredentialsTest" name="TestvalidateLogin" time="4.209"/>
  <system-out/>
</testsuite> <!-- TestLogin.CredentialsTest -->
