<?xml version="1.0" encoding="UTF-8"?>
<!-- Generated by org.testng.reporters.JUnitReportReporter -->
<testsuite hostname="LAPTOP-TPUJHBBQ" failures="0" tests="2" name="TestNGP.TestClassthree" time="11.091" errors="0" timestamp="2021-03-28T19:20:33 IST" skipped="0">
  <testcase classname="TestNGP.TestClassthree" name="Login" time="9.185"/>
  <system-out/>
  <testcase classname="TestNGP.TestClassthree" name="AddSalesgroup" time="1.906"/>
  <system-out/>
</testsuite> <!-- TestNGP.TestClassthree -->
