<?xml version="1.0" encoding="UTF-8"?>
<!-- Generated by org.testng.reporters.JUnitReportReporter -->
<testsuite hostname="LAPTOP-TPUJHBBQ" failures="0" tests="2" name="Testsales.Testsalesperson" time="3.155" errors="0" timestamp="2021-05-18T23:33:31 IST" skipped="0">
  <testcase classname="Testsales.Testsalesperson" name="Login" time="1.303"/>
  <system-out/>
  <testcase classname="Testsales.Testsalesperson" name="AddSalesperson" time="1.852"/>
  <system-out/>
</testsuite> <!-- Testsales.Testsalesperson -->
