<?xml version="1.0" encoding="UTF-8"?>
<!-- Generated by org.testng.reporters.JUnitReportReporter -->
<testsuite hostname="LAPTOP-TPUJHBBQ" failures="0" tests="2" name="Testsales.Testsalesgroup" time="24.521" errors="0" timestamp="2021-05-06T21:37:17 IST" skipped="0">
  <testcase classname="Testsales.Testsalesgroup" name="Login" time="13.990"/>
  <system-out/>
  <testcase classname="Testsales.Testsalesgroup" name="AddSalesgroup" time="10.531"/>
  <system-out/>
</testsuite> <!-- Testsales.Testsalesgroup -->
