<?xml version="1.0" encoding="UTF-8"?>
<!-- Generated by org.testng.reporters.JUnitReportReporter -->
<testsuite hostname="LAPTOP-TPUJHBBQ" failures="0" tests="2" name="Testsales.Testsalesperson" time="4.378" errors="0" timestamp="2021-05-19T16:31:07 IST" skipped="0">
  <testcase classname="Testsales.Testsalesperson" name="Login" time="2.057"/>
  <system-out/>
  <testcase classname="Testsales.Testsalesperson" name="AddSalesperson" time="2.321"/>
  <system-out/>
</testsuite> <!-- Testsales.Testsalesperson -->
