<?xml version="1.0" encoding="UTF-8"?>
<!-- Generated by org.testng.reporters.JUnitReportReporter -->
<testsuite hostname="LAPTOP-TPUJHBBQ" failures="0" tests="2" name="Testsales.Testsalesperson" time="5.080" errors="0" timestamp="2021-05-18T22:49:07 IST" skipped="0">
  <testcase classname="Testsales.Testsalesperson" name="Login" time="1.958"/>
  <system-out/>
  <testcase classname="Testsales.Testsalesperson" name="AddSalesperson" time="3.122"/>
  <system-out/>
</testsuite> <!-- Testsales.Testsalesperson -->
