<?xml version="1.0" encoding="UTF-8"?>
<!-- Generated by org.testng.reporters.JUnitReportReporter -->
<testsuite hostname="LAPTOP-TPUJHBBQ" failures="0" tests="2" name="Testsales.Testsalesperson" time="4.635" errors="0" timestamp="2021-05-28T18:58:56 IST" skipped="0">
  <testcase classname="Testsales.Testsalesperson" name="Login" time="1.619"/>
  <system-out/>
  <testcase classname="Testsales.Testsalesperson" name="AddSalesperson" time="3.016"/>
  <system-out/>
</testsuite> <!-- Testsales.Testsalesperson -->
