<?xml version="1.0" encoding="UTF-8"?>
<!-- Generated by org.testng.reporters.JUnitReportReporter -->
<testsuite hostname="LAPTOP-TPUJHBBQ" failures="0" tests="2" name="Testsales.Testsalesgroup" time="24.597" errors="0" timestamp="2021-05-18T22:49:07 IST" skipped="0">
  <testcase classname="Testsales.Testsalesgroup" name="Login" time="14.013"/>
  <system-out/>
  <testcase classname="Testsales.Testsalesgroup" name="AddSalesgroup" time="10.584"/>
  <system-out/>
</testsuite> <!-- Testsales.Testsalesgroup -->
