<?xml version="1.0" encoding="UTF-8"?>
<!-- Generated by org.testng.reporters.JUnitReportReporter -->
<testsuite hostname="LAPTOP-TPUJHBBQ" failures="0" tests="2" name="TestItemandInventory.InventorylocationsTest" time="5.880" errors="0" timestamp="2021-05-28T18:58:56 IST" skipped="0">
  <testcase classname="TestItemandInventory.InventorylocationsTest" name="Login" time="2.402"/>
  <system-out/>
  <testcase classname="TestItemandInventory.InventorylocationsTest" name="AddInventoryLocation" time="3.478"/>
  <system-out/>
</testsuite> <!-- TestItemandInventory.InventorylocationsTest -->
