<?xml version="1.0" encoding="UTF-8"?>
<!-- Generated by org.testng.reporters.JUnitReportReporter -->
<testsuite hostname="LAPTOP-TPUJHBBQ" failures="0" tests="3" name="TestLogin.CredentialsTest" time="15.472" errors="0" timestamp="2021-05-19T16:31:07 IST" skipped="0">
  <testcase classname="TestLogin.CredentialsTest" name="TestvalidateLogin" time="9.089"/>
  <system-out/>
  <testcase classname="TestLogin.CredentialsTest" name="TestvalidateLogin" time="3.302"/>
  <system-out/>
  <testcase classname="TestLogin.CredentialsTest" name="TestvalidateLogin" time="3.081"/>
  <system-out/>
</testsuite> <!-- TestLogin.CredentialsTest -->
