<?xml version="1.0" encoding="UTF-8"?>
<!-- Generated by org.testng.reporters.JUnitReportReporter -->
<testsuite hostname="LAPTOP-TPUJHBBQ" failures="0" tests="2" name="BankingandLedger.BankAccountsTest" time="2.664" errors="0" timestamp="2021-05-18T23:33:31 IST" skipped="0">
  <testcase classname="BankingandLedger.BankAccountsTest" name="login" time="1.226"/>
  <system-out/>
  <testcase classname="BankingandLedger.BankAccountsTest" name="AddBankAccounts" time="1.438"/>
  <system-out/>
</testsuite> <!-- BankingandLedger.BankAccountsTest -->
