<?xml version="1.0" encoding="UTF-8"?>
<!-- Generated by org.testng.reporters.JUnitReportReporter -->
<testsuite hostname="LAPTOP-TPUJHBBQ" failures="0" tests="2" name="Testsales.Testsalesperson" time="3.164" errors="0" timestamp="2021-05-06T19:36:18 IST" skipped="0">
  <testcase classname="Testsales.Testsalesperson" name="Login" time="1.373"/>
  <system-out/>
  <testcase classname="Testsales.Testsalesperson" name="AddSalesperson" time="1.791"/>
  <system-out/>
</testsuite> <!-- Testsales.Testsalesperson -->
