<?xml version="1.0" encoding="UTF-8"?>
<!-- Generated by org.testng.reporters.JUnitReportReporter -->
<testsuite hostname="LAPTOP-TPUJHBBQ" failures="0" tests="2" name="Testsales.Testsalestype" time="2.493" errors="0" timestamp="2021-05-18T23:33:31 IST" skipped="0">
  <testcase classname="Testsales.Testsalestype" name="Login" time="1.228"/>
  <system-out/>
  <testcase classname="Testsales.Testsalestype" name="AddSalestype" time="1.265"/>
  <system-out/>
</testsuite> <!-- Testsales.Testsalestype -->
