<?xml version="1.0" encoding="UTF-8"?>
<!-- Generated by org.testng.reporters.JUnitReportReporter -->
<testsuite hostname="LAPTOP-TPUJHBBQ" failures="0" tests="2" name="TestItemandInventory.UnitofmeasureTest" time="5.807" errors="0" timestamp="2021-05-28T18:58:56 IST" skipped="0">
  <testcase classname="TestItemandInventory.UnitofmeasureTest" name="login" time="1.669"/>
  <system-out/>
  <testcase classname="TestItemandInventory.UnitofmeasureTest" name="AddUnitofMeasure" time="4.138"/>
  <system-out/>
</testsuite> <!-- TestItemandInventory.UnitofmeasureTest -->
