<?xml version="1.0" encoding="UTF-8"?>
<!-- Generated by org.testng.reporters.JUnitReportReporter -->
<testsuite hostname="LAPTOP-TPUJHBBQ" failures="0" tests="2" name="BankingandLedger.BankAccountsTest" time="5.696" errors="0" timestamp="2021-04-04T12:54:48 IST" skipped="0">
  <testcase classname="BankingandLedger.BankAccountsTest" name="login" time="3.738"/>
  <system-out/>
  <testcase classname="BankingandLedger.BankAccountsTest" name="AddBankAccounts" time="1.958"/>
  <system-out/>
</testsuite> <!-- BankingandLedger.BankAccountsTest -->
