<?xml version="1.0" encoding="UTF-8"?>
<!-- Generated by org.testng.reporters.JUnitReportReporter -->
<testsuite hostname="LAPTOP-TPUJHBBQ" failures="0" tests="4" name="TestItemandInventory.InventoryTest" time="7.153" errors="0" timestamp="2021-04-04T12:54:48 IST" skipped="1">
  <testcase classname="TestItemandInventory.InventoryTest" name="TestLogin" time="3.185"/>
  <system-out/>
  <testcase classname="TestItemandInventory.InventoryTest" name="TestAddInventoryLocation" time="2.184"/>
  <system-out/>
  <testcase classname="TestItemandInventory.InventoryTest" name="TestAddUnitofMeasure" time="1.784"/>
  <system-out/>
  <testcase classname="TestItemandInventory.InventoryTest" name="TestAddItem">
    <skipped/>
  </testcase> <!-- TestAddItem -->
  <system-out/>
</testsuite> <!-- TestItemandInventory.InventoryTest -->
