<?xml version="1.0" encoding="UTF-8"?>
<!-- Generated by org.testng.reporters.JUnitReportReporter -->
<testsuite hostname="LAPTOP-TPUJHBBQ" failures="0" tests="3" name="TestLogin.CredentialsTest" time="9.041" errors="0" timestamp="2021-05-28T18:58:56 IST" skipped="0">
  <testcase classname="TestLogin.CredentialsTest" name="TestvalidateLogin" time="3.035"/>
  <system-out/>
  <testcase classname="TestLogin.CredentialsTest" name="TestvalidateLogin" time="3.163"/>
  <system-out/>
  <testcase classname="TestLogin.CredentialsTest" name="TestvalidateLogin" time="2.843"/>
  <system-out/>
</testsuite> <!-- TestLogin.CredentialsTest -->
