<?xml version="1.0" encoding="UTF-8"?>
<!-- Generated by org.testng.reporters.JUnitReportReporter -->
<testsuite hostname="LAPTOP-TPUJHBBQ" failures="0" tests="3" name="Testsales.TestLogin" time="3.498" errors="0" timestamp="2021-05-28T18:58:56 IST" skipped="0">
  <testcase classname="Testsales.TestLogin" name="Launchbrowser" time="2.394"/>
  <system-out/>
  <testcase classname="Testsales.TestLogin" name="Login" time="0.987"/>
  <system-out/>
  <testcase classname="Testsales.TestLogin" name="Logout" time="0.117"/>
  <system-out/>
</testsuite> <!-- Testsales.TestLogin -->
