<?xml version="1.0" encoding="UTF-8"?>
<!-- Generated by org.testng.reporters.JUnitReportReporter -->
<testsuite hostname="LAPTOP-TPUJHBBQ" failures="0" tests="4" name="TestItemandInventory.InventoryTest" time="3.568" errors="0" timestamp="2021-05-06T19:36:18 IST" skipped="1">
  <testcase classname="TestItemandInventory.InventoryTest" name="TestLogin" time="1.318"/>
  <system-out/>
  <testcase classname="TestItemandInventory.InventoryTest" name="TestAddInventoryLocation" time="1.158"/>
  <system-out/>
  <testcase classname="TestItemandInventory.InventoryTest" name="TestAddUnitofMeasure" time="1.092"/>
  <system-out/>
  <testcase classname="TestItemandInventory.InventoryTest" name="TestAddItem">
    <skipped/>
  </testcase> <!-- TestAddItem -->
  <system-out/>
</testsuite> <!-- TestItemandInventory.InventoryTest -->
