<?xml version="1.0" encoding="UTF-8"?>
<!-- Generated by org.testng.reporters.JUnitReportReporter -->
<testsuite hostname="LAPTOP-TPUJHBBQ" failures="0" tests="2" name="BankingandLedger.BankAccountsTest" time="3.199" errors="0" timestamp="2021-05-18T22:49:07 IST" skipped="0">
  <testcase classname="BankingandLedger.BankAccountsTest" name="login" time="1.455"/>
  <system-out/>
  <testcase classname="BankingandLedger.BankAccountsTest" name="AddBankAccounts" time="1.744"/>
  <system-out/>
</testsuite> <!-- BankingandLedger.BankAccountsTest -->
