<?xml version="1.0" encoding="UTF-8"?>
<!-- Generated by org.testng.reporters.JUnitReportReporter -->
<testsuite hostname="LAPTOP-TPUJHBBQ" failures="0" tests="3" name="Testsales.TestLogin" time="3.612" errors="0" timestamp="2021-05-19T16:31:07 IST" skipped="0">
  <testcase classname="Testsales.TestLogin" name="Launchbrowser" time="2.415"/>
  <system-out/>
  <testcase classname="Testsales.TestLogin" name="Login" time="1.093"/>
  <system-out/>
  <testcase classname="Testsales.TestLogin" name="Logout" time="0.104"/>
  <system-out/>
</testsuite> <!-- Testsales.TestLogin -->
