<?xml version="1.0" encoding="UTF-8"?>
<!-- Generated by org.testng.reporters.JUnitReportReporter -->
<testsuite hostname="LAPTOP-TPUJHBBQ" failures="0" tests="3" name="Testsales.TestLogin" time="3.520" errors="0" timestamp="2021-05-06T21:37:17 IST" skipped="0">
  <testcase classname="Testsales.TestLogin" name="Launchbrowser" time="2.364"/>
  <system-out/>
  <testcase classname="Testsales.TestLogin" name="Login" time="1.029"/>
  <system-out/>
  <testcase classname="Testsales.TestLogin" name="Logout" time="0.127"/>
  <system-out/>
</testsuite> <!-- Testsales.TestLogin -->
