<?xml version="1.0" encoding="UTF-8"?>
<!-- Generated by org.testng.reporters.JUnitReportReporter -->
<testsuite hostname="LAPTOP-TPUJHBBQ" failures="0" tests="2" name="BankingandLedger.BankAccountsTest" time="4.507" errors="0" timestamp="2021-05-18T21:04:06 IST" skipped="0">
  <testcase classname="BankingandLedger.BankAccountsTest" name="login" time="1.769"/>
  <system-out/>
  <testcase classname="BankingandLedger.BankAccountsTest" name="AddBankAccounts" time="2.738"/>
  <system-out/>
</testsuite> <!-- BankingandLedger.BankAccountsTest -->
