<?xml version="1.0" encoding="UTF-8"?>
<!-- Generated by org.testng.reporters.JUnitReportReporter -->
<testsuite hostname="LAPTOP-TPUJHBBQ" failures="0" tests="2" name="TestItemandInventory.InventorylocationsTest" time="5.142" errors="0" timestamp="2021-05-19T16:31:07 IST" skipped="0">
  <testcase classname="TestItemandInventory.InventorylocationsTest" name="Login" time="2.209"/>
  <system-out/>
  <testcase classname="TestItemandInventory.InventorylocationsTest" name="AddInventoryLocation" time="2.933"/>
  <system-out/>
</testsuite> <!-- TestItemandInventory.InventorylocationsTest -->
