<?xml version="1.0" encoding="UTF-8"?>
<!-- Generated by org.testng.reporters.JUnitReportReporter -->
<testsuite hostname="LAPTOP-TPUJHBBQ" failures="0" tests="2" name="TestItemandInventory.ItemsTest" time="11.637" errors="0" timestamp="2021-04-04T12:54:48 IST" skipped="0">
  <testcase classname="TestItemandInventory.ItemsTest" name="login" time="2.765"/>
  <system-out/>
  <testcase classname="TestItemandInventory.ItemsTest" name="AddItem" time="8.872"/>
  <system-out/>
</testsuite> <!-- TestItemandInventory.ItemsTest -->
