<?xml version="1.0" encoding="UTF-8"?>
<!-- Generated by org.testng.reporters.JUnitReportReporter -->
<testsuite hostname="LAPTOP-TPUJHBBQ" failures="0" tests="2" name="Testsales.Testsalestype" time="3.730" errors="0" timestamp="2021-05-28T18:58:56 IST" skipped="0">
  <testcase classname="Testsales.Testsalestype" name="Login" time="1.639"/>
  <system-out/>
  <testcase classname="Testsales.Testsalestype" name="AddSalestype" time="2.091"/>
  <system-out/>
</testsuite> <!-- Testsales.Testsalestype -->
