<?xml version="1.0" encoding="UTF-8"?>
<!-- Generated by org.testng.reporters.JUnitReportReporter -->
<testsuite hostname="LAPTOP-TPUJHBBQ" failures="0" tests="2" name="Testsales.Testsalestype" time="7.487" errors="0" timestamp="2021-05-06T19:36:18 IST" skipped="0">
  <testcase classname="Testsales.Testsalestype" name="Login" time="6.304"/>
  <system-out/>
  <testcase classname="Testsales.Testsalestype" name="AddSalestype" time="1.183"/>
  <system-out/>
</testsuite> <!-- Testsales.Testsalestype -->
