<?xml version="1.0" encoding="UTF-8"?>
<!-- Generated by org.testng.reporters.JUnitReportReporter -->
<testsuite hostname="LAPTOP-TPUJHBBQ" failures="0" tests="3" name="TestItemandInventory.UnitofmeasureTest" time="7.501" errors="0" timestamp="2021-05-19T16:31:07 IST" skipped="0">
  <testcase classname="TestItemandInventory.UnitofmeasureTest" name="login" time="2.190"/>
  <system-out/>
  <testcase classname="TestItemandInventory.UnitofmeasureTest" name="AddUnitofMeasure" time="4.898"/>
  <system-out/>
  <testcase classname="TestItemandInventory.UnitofmeasureTest" name="Logout" time="0.413"/>
  <system-out/>
</testsuite> <!-- TestItemandInventory.UnitofmeasureTest -->
