<?xml version="1.0" encoding="UTF-8"?>
<!-- Generated by org.testng.reporters.JUnitReportReporter -->
<testsuite hostname="LAPTOP-TPUJHBBQ" failures="0" tests="2" name="Testsales.Testsalesgroup" time="24.329" errors="0" timestamp="2021-05-18T21:04:06 IST" skipped="0">
  <testcase classname="Testsales.Testsalesgroup" name="Login" time="13.579"/>
  <system-out/>
  <testcase classname="Testsales.Testsalesgroup" name="AddSalesgroup" time="10.750"/>
  <system-out/>
</testsuite> <!-- Testsales.Testsalesgroup -->
