<?xml version="1.0" encoding="UTF-8"?>
<!-- Generated by org.testng.reporters.JUnitReportReporter -->
<testsuite hostname="LAPTOP-TPUJHBBQ" failures="0" tests="2" name="Testsales.Testsalesgroup" time="27.018" errors="0" timestamp="2021-05-28T18:58:56 IST" skipped="0">
  <testcase classname="Testsales.Testsalesgroup" name="Login" time="14.124"/>
  <system-out/>
  <testcase classname="Testsales.Testsalesgroup" name="AddSalesgroup" time="12.894"/>
  <system-out/>
</testsuite> <!-- Testsales.Testsalesgroup -->
