<?xml version="1.0" encoding="UTF-8"?>
<!-- Generated by org.testng.reporters.JUnitReportReporter -->
<testsuite hostname="LAPTOP-TPUJHBBQ" failures="0" tests="2" name="Testsales.Testsalesgroup" time="22.184" errors="0" timestamp="2021-05-18T23:33:31 IST" skipped="0">
  <testcase classname="Testsales.Testsalesgroup" name="Login" time="12.915"/>
  <system-out/>
  <testcase classname="Testsales.Testsalesgroup" name="AddSalesgroup" time="9.269"/>
  <system-out/>
</testsuite> <!-- Testsales.Testsalesgroup -->
