<?xml version="1.0" encoding="UTF-8"?>
<!-- Generated by org.testng.reporters.JUnitReportReporter -->
<testsuite hostname="LAPTOP-TPUJHBBQ" failures="0" tests="3" name="Testsales.TestLogin" time="2.729" errors="0" timestamp="2021-05-18T23:33:31 IST" skipped="0">
  <testcase classname="Testsales.TestLogin" name="Launchbrowser" time="1.820"/>
  <system-out/>
  <testcase classname="Testsales.TestLogin" name="Login" time="0.825"/>
  <system-out/>
  <testcase classname="Testsales.TestLogin" name="Logout" time="0.084"/>
  <system-out/>
</testsuite> <!-- Testsales.TestLogin -->
