<?xml version="1.0" encoding="UTF-8"?>
<!-- Generated by org.testng.reporters.JUnitReportReporter -->
<testsuite hostname="LAPTOP-TPUJHBBQ" failures="0" tests="3" name="TestItemandInventory.UnitofmeasureTest" time="4.447" errors="0" timestamp="2021-05-18T23:33:31 IST" skipped="0">
  <testcase classname="TestItemandInventory.UnitofmeasureTest" name="login" time="1.249"/>
  <system-out/>
  <testcase classname="TestItemandInventory.UnitofmeasureTest" name="AddUnitofMeasure" time="2.895"/>
  <system-out/>
  <testcase classname="TestItemandInventory.UnitofmeasureTest" name="Logout" time="0.303"/>
  <system-out/>
</testsuite> <!-- TestItemandInventory.UnitofmeasureTest -->
