<?xml version="1.0" encoding="UTF-8"?>
<!-- Generated by org.testng.reporters.JUnitReportReporter -->
<testsuite hostname="LAPTOP-TPUJHBBQ" failures="0" tests="3" name="TestItemandInventory.UnitofmeasureTest" time="4.183" errors="0" timestamp="2021-05-18T21:04:06 IST" skipped="0">
  <testcase classname="TestItemandInventory.UnitofmeasureTest" name="login" time="2.087"/>
  <system-out/>
  <testcase classname="TestItemandInventory.UnitofmeasureTest" name="AddUnitofMeasure" time="1.734"/>
  <system-out/>
  <testcase classname="TestItemandInventory.UnitofmeasureTest" name="Logout" time="0.362"/>
  <system-out/>
</testsuite> <!-- TestItemandInventory.UnitofmeasureTest -->
