<?xml version="1.0" encoding="UTF-8"?>
<!-- Generated by org.testng.reporters.JUnitReportReporter -->
<testsuite hostname="LAPTOP-TPUJHBBQ" failures="0" tests="3" name="Testsales.TestLogin" time="5.805" errors="0" timestamp="2021-04-04T12:54:48 IST" skipped="0">
  <testcase classname="Testsales.TestLogin" name="Launchbrowser" time="3.293"/>
  <system-out/>
  <testcase classname="Testsales.TestLogin" name="Login" time="2.460"/>
  <system-out/>
  <testcase classname="Testsales.TestLogin" name="Logout" time="0.052"/>
  <system-out/>
</testsuite> <!-- Testsales.TestLogin -->
