<?xml version="1.0" encoding="UTF-8"?>
<!-- Generated by org.testng.reporters.JUnitReportReporter -->
<testsuite hostname="LAPTOP-TPUJHBBQ" failures="0" tests="2" name="TestItemandInventory.ItemsTest" time="11.614" errors="0" timestamp="2021-05-18T22:49:07 IST" skipped="0">
  <testcase classname="TestItemandInventory.ItemsTest" name="login" time="1.999"/>
  <system-out/>
  <testcase classname="TestItemandInventory.ItemsTest" name="AddItem" time="9.615"/>
  <system-out/>
</testsuite> <!-- TestItemandInventory.ItemsTest -->
