<?xml version="1.0" encoding="UTF-8"?>
<!-- Generated by org.testng.reporters.JUnitReportReporter -->
<testsuite hostname="LAPTOP-TPUJHBBQ" failures="0" tests="2" name="Testsales.Testsalesgroup" time="25.451" errors="0" timestamp="2021-05-19T16:31:07 IST" skipped="0">
  <testcase classname="Testsales.Testsalesgroup" name="Login" time="14.568"/>
  <system-out/>
  <testcase classname="Testsales.Testsalesgroup" name="AddSalesgroup" time="10.883"/>
  <system-out/>
</testsuite> <!-- Testsales.Testsalesgroup -->
