<?xml version="1.0" encoding="UTF-8"?>
<!-- Generated by org.testng.reporters.JUnitReportReporter -->
<testsuite hostname="LAPTOP-TPUJHBBQ" failures="0" tests="2" name="Testsales.Testsalesgroup" time="22.462" errors="0" timestamp="2021-05-06T19:36:18 IST" skipped="0">
  <testcase classname="Testsales.Testsalesgroup" name="Login" time="13.025"/>
  <system-out/>
  <testcase classname="Testsales.Testsalesgroup" name="AddSalesgroup" time="9.437"/>
  <system-out/>
</testsuite> <!-- Testsales.Testsalesgroup -->
