<?xml version="1.0" encoding="UTF-8"?>
<!-- Generated by org.testng.reporters.JUnitReportReporter -->
<testsuite hostname="LAPTOP-TPUJHBBQ" failures="0" tests="3" name="Testsales.TestLogin" time="3.181" errors="0" timestamp="2021-05-06T19:36:18 IST" skipped="0">
  <testcase classname="Testsales.TestLogin" name="Launchbrowser" time="2.235"/>
  <system-out/>
  <testcase classname="Testsales.TestLogin" name="Login" time="0.898"/>
  <system-out/>
  <testcase classname="Testsales.TestLogin" name="Logout" time="0.048"/>
  <system-out/>
</testsuite> <!-- Testsales.TestLogin -->
