<?xml version="1.0" encoding="UTF-8"?>
<!-- Generated by org.testng.reporters.JUnitReportReporter -->
<testsuite hostname="LAPTOP-TPUJHBBQ" failures="0" tests="3" name="TestLogin.CredentialsTest" time="7.110" errors="0" timestamp="2021-05-06T19:36:18 IST" skipped="0">
  <testcase classname="TestLogin.CredentialsTest" name="TestvalidateLogin" time="2.146"/>
  <system-out/>
  <testcase classname="TestLogin.CredentialsTest" name="TestvalidateLogin" time="2.552"/>
  <system-out/>
  <testcase classname="TestLogin.CredentialsTest" name="TestvalidateLogin" time="2.412"/>
  <system-out/>
</testsuite> <!-- TestLogin.CredentialsTest -->
