<?xml version="1.0" encoding="UTF-8"?>
<!-- Generated by org.testng.reporters.JUnitReportReporter -->
<testsuite hostname="LAPTOP-TPUJHBBQ" failures="0" tests="2" name="BankingandLedger.BankAccountsTest" time="4.232" errors="0" timestamp="2021-05-28T18:58:56 IST" skipped="0">
  <testcase classname="BankingandLedger.BankAccountsTest" name="login" time="1.558"/>
  <system-out/>
  <testcase classname="BankingandLedger.BankAccountsTest" name="AddBankAccounts" time="2.674"/>
  <system-out/>
</testsuite> <!-- BankingandLedger.BankAccountsTest -->
