<?xml version="1.0" encoding="UTF-8"?>
<!-- Generated by org.testng.reporters.JUnitReportReporter -->
<testsuite hostname="LAPTOP-TPUJHBBQ" failures="0" tests="3" name="Testsales.TestLogin" time="2.998" errors="0" timestamp="2021-05-18T22:49:07 IST" skipped="0">
  <testcase classname="Testsales.TestLogin" name="Launchbrowser" time="1.961"/>
  <system-out/>
  <testcase classname="Testsales.TestLogin" name="Login" time="0.956"/>
  <system-out/>
  <testcase classname="Testsales.TestLogin" name="Logout" time="0.081"/>
  <system-out/>
</testsuite> <!-- Testsales.TestLogin -->
