<?xml version="1.0" encoding="UTF-8"?>
<!-- Generated by org.testng.reporters.JUnitReportReporter -->
<testsuite hostname="LAPTOP-TPUJHBBQ" failures="0" tests="2" name="Testsales.Testsalestype" time="9.311" errors="0" timestamp="2021-04-04T12:54:48 IST" skipped="0">
  <testcase classname="Testsales.Testsalestype" name="Login" time="8.073"/>
  <system-out/>
  <testcase classname="Testsales.Testsalestype" name="AddSalestype" time="1.238"/>
  <system-out/>
</testsuite> <!-- Testsales.Testsalestype -->
