<?xml version="1.0" encoding="UTF-8"?>
<!-- Generated by org.testng.reporters.JUnitReportReporter -->
<testsuite hostname="LAPTOP-TPUJHBBQ" failures="0" tests="2" name="TestItemandInventory.ItemsTest" time="10.643" errors="0" timestamp="2021-05-06T21:37:17 IST" skipped="0">
  <testcase classname="TestItemandInventory.ItemsTest" name="login" time="2.056"/>
  <system-out/>
  <testcase classname="TestItemandInventory.ItemsTest" name="AddItem" time="8.587"/>
  <system-out/>
</testsuite> <!-- TestItemandInventory.ItemsTest -->
