<?xml version="1.0" encoding="UTF-8"?>
<!-- Generated by org.testng.reporters.JUnitReportReporter -->
<testsuite hostname="LAPTOP-TPUJHBBQ" failures="0" tests="2" name="BankingandLedger.BankAccountsTest" time="2.763" errors="0" timestamp="2021-05-06T19:36:18 IST" skipped="0">
  <testcase classname="BankingandLedger.BankAccountsTest" name="login" time="1.349"/>
  <system-out/>
  <testcase classname="BankingandLedger.BankAccountsTest" name="AddBankAccounts" time="1.414"/>
  <system-out/>
</testsuite> <!-- BankingandLedger.BankAccountsTest -->
