<?xml version="1.0" encoding="UTF-8"?>
<!-- Generated by org.testng.reporters.JUnitReportReporter -->
<testsuite hostname="LAPTOP-TPUJHBBQ" failures="0" tests="2" name="Testsales.Testsalesperson" time="4.901" errors="0" timestamp="2021-04-04T12:54:48 IST" skipped="0">
  <testcase classname="Testsales.Testsalesperson" name="Login" time="2.481"/>
  <system-out/>
  <testcase classname="Testsales.Testsalesperson" name="AddSalesperson" time="2.420"/>
  <system-out/>
</testsuite> <!-- Testsales.Testsalesperson -->
