<?xml version="1.0" encoding="UTF-8"?>
<!-- Generated by org.testng.reporters.JUnitReportReporter -->
<testsuite hostname="LAPTOP-TPUJHBBQ" failures="0" tests="2" name="Testsales.Testsalesgroup" time="25.378" errors="0" timestamp="2021-04-04T12:54:48 IST" skipped="0">
  <testcase classname="Testsales.Testsalesgroup" name="Login" time="14.958"/>
  <system-out/>
  <testcase classname="Testsales.Testsalesgroup" name="AddSalesgroup" time="10.420"/>
  <system-out/>
</testsuite> <!-- Testsales.Testsalesgroup -->
