<?xml version="1.0" encoding="UTF-8"?>
<!-- Generated by org.testng.reporters.JUnitReportReporter -->
<testsuite hostname="LAPTOP-TPUJHBBQ" failures="0" tests="4" name="TestItemandInventory.InventoryTest" time="6.519" errors="0" timestamp="2021-05-18T21:04:06 IST" skipped="1">
  <testcase classname="TestItemandInventory.InventoryTest" name="TestLogin" time="1.741"/>
  <system-out/>
  <testcase classname="TestItemandInventory.InventoryTest" name="TestAddInventoryLocation" time="2.403"/>
  <system-out/>
  <testcase classname="TestItemandInventory.InventoryTest" name="TestAddUnitofMeasure" time="2.375"/>
  <system-out/>
  <testcase classname="TestItemandInventory.InventoryTest" name="TestAddItem">
    <skipped/>
  </testcase> <!-- TestAddItem -->
  <system-out/>
</testsuite> <!-- TestItemandInventory.InventoryTest -->
