<?xml version="1.0" encoding="UTF-8"?>
<!-- Generated by org.testng.reporters.JUnitReportReporter -->
<testsuite hostname="LAPTOP-TPUJHBBQ" failures="0" tests="3" name="TestLogin.CredentialsTest" time="11.654" errors="0" timestamp="2021-04-04T12:54:48 IST" skipped="0">
  <testcase classname="TestLogin.CredentialsTest" name="TestvalidateLogin" time="4.072"/>
  <system-out/>
  <testcase classname="TestLogin.CredentialsTest" name="TestvalidateLogin" time="4.777"/>
  <system-out/>
  <testcase classname="TestLogin.CredentialsTest" name="TestvalidateLogin" time="2.805"/>
  <system-out/>
</testsuite> <!-- TestLogin.CredentialsTest -->
