<?xml version="1.0" encoding="UTF-8"?>
<!-- Generated by org.testng.reporters.JUnitReportReporter -->
<testsuite hostname="LAPTOP-TPUJHBBQ" failures="0" tests="3" name="TestItemandInventory.UnitofmeasureTest" time="2.547" errors="0" timestamp="2021-05-06T19:36:18 IST" skipped="0">
  <testcase classname="TestItemandInventory.UnitofmeasureTest" name="login" time="1.341"/>
  <system-out/>
  <testcase classname="TestItemandInventory.UnitofmeasureTest" name="AddUnitofMeasure" time="0.879"/>
  <system-out/>
  <testcase classname="TestItemandInventory.UnitofmeasureTest" name="Logout" time="0.327"/>
  <system-out/>
</testsuite> <!-- TestItemandInventory.UnitofmeasureTest -->
