<?xml version="1.0" encoding="UTF-8"?>
<!-- Generated by org.testng.reporters.JUnitReportReporter -->
<testsuite hostname="LAPTOP-TPUJHBBQ" failures="0" tests="2" name="Testsales.Testsalestype" time="8.241" errors="0" timestamp="2021-05-06T21:37:17 IST" skipped="0">
  <testcase classname="Testsales.Testsalestype" name="Login" time="6.874"/>
  <system-out/>
  <testcase classname="Testsales.Testsalestype" name="AddSalestype" time="1.367"/>
  <system-out/>
</testsuite> <!-- Testsales.Testsalestype -->
